0 info it worked if it ends with ok
1 verbose cli [ 'node', '/usr/local/bin/npm', 'publish' ]
2 info using npm@2.1.10
3 info using node@v0.10.26
4 verbose node symlink /usr/local/bin/node
5 verbose publish [ '.' ]
6 silly cache add args [ '.', null ]
7 verbose cache add spec .
8 silly cache add parsed spec { raw: '.',
8 silly cache add   scope: null,
8 silly cache add   name: null,
8 silly cache add   rawSpec: '.',
8 silly cache add   spec: '/Users/jowright/dev/scale-text',
8 silly cache add   type: 'directory' }
9 verbose tar pack [ '/Users/jowright/.npm/scale-text/0.2.0/package.tgz',
9 verbose tar pack   '/Users/jowright/dev/scale-text' ]
10 verbose tarball /Users/jowright/.npm/scale-text/0.2.0/package.tgz
11 verbose folder /Users/jowright/dev/scale-text
12 info prepublish scale-text@0.2.0
13 verbose addLocalTarball adding from inside cache /Users/jowright/.npm/scale-text/0.2.0/package.tgz
14 silly cache afterAdd scale-text@0.2.0
15 verbose afterAdd /Users/jowright/.npm/scale-text/0.2.0/package/package.json not in flight; writing
16 verbose afterAdd /Users/jowright/.npm/scale-text/0.2.0/package/package.json written
17 silly publish { name: 'scale-text',
17 silly publish   version: '0.2.0',
17 silly publish   description: 'Scales text to the size (width and height) of the enclosing container',
17 silly publish   main: 'index.js',
17 silly publish   devDependencies: { mocha: '1.16.2', chai: '1.8.1' },
17 silly publish   scripts: { test: 'mocha --reporter spec' },
17 silly publish   repository:
17 silly publish    { type: 'git',
17 silly publish      url: 'https://github.com/build-canaries/scale-text.git' },
17 silly publish   author: { name: 'Build Canaries' },
17 silly publish   license: 'Eclipse Public License',
17 silly publish   bugs: { url: 'https://github.com/build-canaries/scale-text/issues' },
17 silly publish   readme: 'Scale Text\n==========\n\nA small library that scales text to the size (width and height) of the enclosing container, making the longest word take up a whole ine.\n\nCurrently it assumes that you use a monospaced font 13px in height, 6px in width, when judged at font-size 10px.\n\n## Installation\n\n```\n  npm install scale-text --save\n```\n\n## Usage\n\n```\n  var ScaleText = require(\'scale-text\')\n  var idealSize = new ScaleText([\'word word word\'], 20, 100).ideal()\n\n  console.log(\'ideal font size is \', idealSize);\n```\n\n## Tests\n\n```\n  npm test\n```\n\n## Contributing\n\nIf you would like to add a feature/fix a bug for us please create a pull request.',
17 silly publish   readmeFilename: 'README.md',
17 silly publish   gitHead: 'cb0621b8e976f9cb94c86a165670ced6bc8cd450',
17 silly publish   homepage: 'https://github.com/build-canaries/scale-text',
17 silly publish   _id: 'scale-text@0.2.0',
17 silly publish   _shasum: '5149e0b3e52330ae242e4b9fdd6b4f4bae8c4d9b',
17 silly publish   _from: '.' }
18 silly mapToRegistry name scale-text
19 silly mapToRegistry using default registry
20 silly mapToRegistry registry https://registry.npmjs.org/
21 silly mapToRegistry uri https://registry.npmjs.org/scale-text
22 verbose publish registryBase https://registry.npmjs.org/
23 silly publish uploading /Users/jowright/.npm/scale-text/0.2.0/package.tgz
24 verbose request uri https://registry.npmjs.org/scale-text
25 verbose request sending authorization for write operation
26 info attempt registry request try #1 at 20:22:54
27 verbose request id 66a24a9c3d0ce722
28 http request PUT https://registry.npmjs.org/scale-text
29 http 403 https://registry.npmjs.org/scale-text
30 verbose headers { date: 'Mon, 01 Dec 2014 20:22:55 GMT',
30 verbose headers   server: 'CouchDB/1.5.0 (Erlang OTP/R16B03)',
30 verbose headers   'content-type': 'application/json',
30 verbose headers   'cache-control': 'max-age=60',
30 verbose headers   'content-length': '3101',
30 verbose headers   'accept-ranges': 'bytes',
30 verbose headers   via: '1.1 varnish',
30 verbose headers   'x-served-by': 'cache-fra1228-FRA',
30 verbose headers   'x-cache': 'MISS',
30 verbose headers   'x-cache-hits': '0',
30 verbose headers   'x-timer': 'S1417465374.928649,VS0,VE349',
30 verbose headers   'keep-alive': 'timeout=10, max=50',
30 verbose headers   connection: 'Keep-Alive' }
31 verbose request invalidating /Users/jowright/.npm/registry.npmjs.org/scale-text on PUT
32 error publish Failed PUT 403
33 verbose stack Error: forbidden cannot modify pre-existing version: 0.2.0
33 verbose stack old={"name":"scale-text","version":"0.2.0","description":"Scales text to the size (width and height) of the enclosing container","main":"index.js","devDependencies":{"mocha":"1.16.2","chai":"1.8.1"},"scripts":{"test":"mocha --reporter spec"},"repository":{"type":"git","url":"https://github.com/build-canaries/scale-text.git"},"author":{"name":"Build Canaries"},"license":"Eclipse Public License","bugs":{"url":"https://github.com/build-canaries/scale-text/issues"},"gitHead":"7693f15c16906afd938fabfeb09bb49b1dc7cb27","homepage":"https://github.com/build-canaries/scale-text","_id":"scale-text@0.2.0","_shasum":"1a1f81a02a852d01512a038be5c6e6bc2436e62f","_from":".","_npmVersion":"2.1.10","_nodeVersion":"0.10.26","_npmUser":{"name":"joejag","email":"joe@joejag.com"},"maintainers":[{"name":"joejag","email":"joe@joejag.com"}],"dist":{"shasum":"1a1f81a02a852d01512a038be5c6e6bc2436e62f","tarball":"http://registry.npmjs.org/scale-text/-/scale-text-0.2.0.tgz"}}
33 verbose stack new={"name":"scale-text","version":"0.2.0","description":"Scales text to the size (width and height) of the enclosing container","main":"index.js","devDependencies":{"mocha":"1.16.2","chai":"1.8.1"},"scripts":{"test":"mocha --reporter spec"},"repository":{"type":"git","url":"https://github.com/build-canaries/scale-text.git"},"author":{"name":"Build Canaries"},"license":"Eclipse Public License","bugs":{"url":"https://github.com/build-canaries/scale-text/issues"},"readme":"Scale Text\u000a==========\u000a\u000aA small library that scales text to the size (width and height) of the enclosing container, making the longest word take up a whole ine.\u000a\u000aCurrently it assumes that you use a monospaced font 13px in height, 6px in width, when judged at font-size 10px.\u000a\u000a## Installation\u000a\u000a```\u000a  npm install scale-text --save\u000a```\u000a\u000a## Usage\u000a\u000a```\u000a  var ScaleText = require('scale-text')\u000a  var idealSize = new ScaleText(['word word word'], 20, 100).ideal()\u000a\u000a  console.log('ideal font size is ', idealSize);\u000a```\u000a\u000a## Tests\u000a\u000a```\u000a  npm test\u000a```\u000a\u000a## Contributing\u000a\u000aIf you would like to add a feature/fix a bug for us please create a pull request.","readmeFilename":"README.md","gitHead":"cb0621b8e976f9cb94c86a165670ced6bc8cd450","homepage":"https://github.com/build-canaries/scale-text","_id":"scale-text@0.2.0","_shasum":"5149e0b3e52330ae242e4b9fdd6b4f4bae8c4d9b","_from":".","_npmVersion":"2.1.10","_nodeVersion":"0.10.26","_npmUser":{"name":"joejag","email":"joe@joejag.com"},"maintainers":[{"name":"joejag","email":"joe@joejag.com"}],"dist":{"shasum":"5149e0b3e52330ae242e4b9fdd6b4f4bae8c4d9b","tarball":"http://registry.npmjs.org/scale-text/-/scale-text-0.2.0.tgz"}}: scale-text
33 verbose stack     at CachingRegistryClient.<anonymous> (/usr/local/lib/node_modules/npm/node_modules/npm-registry-client/lib/request.js:234:14)
33 verbose stack     at Request._callback (/usr/local/lib/node_modules/npm/node_modules/npm-registry-client/lib/request.js:172:14)
33 verbose stack     at Request.self.callback (/usr/local/lib/node_modules/npm/node_modules/request/request.js:372:22)
33 verbose stack     at Request.EventEmitter.emit (events.js:98:17)
33 verbose stack     at Request.<anonymous> (/usr/local/lib/node_modules/npm/node_modules/request/request.js:1317:14)
33 verbose stack     at Request.EventEmitter.emit (events.js:117:20)
33 verbose stack     at IncomingMessage.<anonymous> (/usr/local/lib/node_modules/npm/node_modules/request/request.js:1265:12)
33 verbose stack     at IncomingMessage.EventEmitter.emit (events.js:117:20)
33 verbose stack     at _stream_readable.js:920:16
33 verbose stack     at process._tickCallback (node.js:415:13)
34 verbose statusCode 403
35 verbose pkgid scale-text
36 verbose cwd /Users/jowright/dev/scale-text
37 error Darwin 13.1.0
38 error argv "node" "/usr/local/bin/npm" "publish"
39 error node v0.10.26
40 error npm  v2.1.10
41 error code E403
42 error forbidden cannot modify pre-existing version: 0.2.0
42 error old={"name":"scale-text","version":"0.2.0","description":"Scales text to the size (width and height) of the enclosing container","main":"index.js","devDependencies":{"mocha":"1.16.2","chai":"1.8.1"},"scripts":{"test":"mocha --reporter spec"},"repository":{"type":"git","url":"https://github.com/build-canaries/scale-text.git"},"author":{"name":"Build Canaries"},"license":"Eclipse Public License","bugs":{"url":"https://github.com/build-canaries/scale-text/issues"},"gitHead":"7693f15c16906afd938fabfeb09bb49b1dc7cb27","homepage":"https://github.com/build-canaries/scale-text","_id":"scale-text@0.2.0","_shasum":"1a1f81a02a852d01512a038be5c6e6bc2436e62f","_from":".","_npmVersion":"2.1.10","_nodeVersion":"0.10.26","_npmUser":{"name":"joejag","email":"joe@joejag.com"},"maintainers":[{"name":"joejag","email":"joe@joejag.com"}],"dist":{"shasum":"1a1f81a02a852d01512a038be5c6e6bc2436e62f","tarball":"http://registry.npmjs.org/scale-text/-/scale-text-0.2.0.tgz"}}
42 error new={"name":"scale-text","version":"0.2.0","description":"Scales text to the size (width and height) of the enclosing container","main":"index.js","devDependencies":{"mocha":"1.16.2","chai":"1.8.1"},"scripts":{"test":"mocha --reporter spec"},"repository":{"type":"git","url":"https://github.com/build-canaries/scale-text.git"},"author":{"name":"Build Canaries"},"license":"Eclipse Public License","bugs":{"url":"https://github.com/build-canaries/scale-text/issues"},"readme":"Scale Text\u000a==========\u000a\u000aA small library that scales text to the size (width and height) of the enclosing container, making the longest word take up a whole ine.\u000a\u000aCurrently it assumes that you use a monospaced font 13px in height, 6px in width, when judged at font-size 10px.\u000a\u000a## Installation\u000a\u000a```\u000a  npm install scale-text --save\u000a```\u000a\u000a## Usage\u000a\u000a```\u000a  var ScaleText = require('scale-text')\u000a  var idealSize = new ScaleText(['word word word'], 20, 100).ideal()\u000a\u000a  console.log('ideal font size is ', idealSize);\u000a```\u000a\u000a## Tests\u000a\u000a```\u000a  npm test\u000a```\u000a\u000a## Contributing\u000a\u000aIf you would like to add a feature/fix a bug for us please create a pull request.","readmeFilename":"README.md","gitHead":"cb0621b8e976f9cb94c86a165670ced6bc8cd450","homepage":"https://github.com/build-canaries/scale-text","_id":"scale-text@0.2.0","_shasum":"5149e0b3e52330ae242e4b9fdd6b4f4bae8c4d9b","_from":".","_npmVersion":"2.1.10","_nodeVersion":"0.10.26","_npmUser":{"name":"joejag","email":"joe@joejag.com"},"maintainers":[{"name":"joejag","email":"joe@joejag.com"}],"dist":{"shasum":"5149e0b3e52330ae242e4b9fdd6b4f4bae8c4d9b","tarball":"http://registry.npmjs.org/scale-text/-/scale-text-0.2.0.tgz"}}: scale-text
43 error If you need help, you may report this error at:
43 error     <http://github.com/npm/npm/issues>
44 verbose exit [ 1, true ]
